  [1m[36m (0.1ms)[0m  [1mselect sqlite_version(*)[0m
  [1m[35m (25.6ms)[0m  CREATE TABLE "schema_migrations" ("version" varchar(255) NOT NULL) 
  [1m[36m (0.1ms)[0m  [1mPRAGMA index_list("schema_migrations")[0m
  [1m[35m (32.6ms)[0m  CREATE UNIQUE INDEX "unique_schema_migrations" ON "schema_migrations" ("version")
  [1m[36m (4.3ms)[0m  [1mSELECT "schema_migrations"."version" FROM "schema_migrations" [0m
Migrating to CreateMovies (20111119180638)
  [1m[35m (27.4ms)[0m  CREATE TABLE "movies" ("id" INTEGER PRIMARY KEY AUTOINCREMENT NOT NULL, "title" varchar(255), "rating" varchar(255), "description" text, "release_date" datetime, "created_at" datetime, "updated_at" datetime) 
  [1m[36m (1.7ms)[0m  [1mINSERT INTO "schema_migrations" ("version") VALUES ('20111119180638')[0m
  [1m[35m (3.7ms)[0m  select sqlite_version(*)
  [1m[36m (3.8ms)[0m  [1mSELECT "schema_migrations"."version" FROM "schema_migrations" [0m
  [1m[35m (0.1ms)[0m  PRAGMA index_list("movies")
  [1m[36m (4.9ms)[0m  [1mSELECT "schema_migrations"."version" FROM "schema_migrations" [0m
  [1m[35mSQL (72.8ms)[0m  INSERT INTO "movies" ("created_at", "description", "rating", "release_date", "title", "updated_at") VALUES (?, ?, ?, ?, ?, ?)  [["created_at", Mon, 22 Jul 2013 19:48:40 UTC +00:00], ["description", nil], ["rating", "G"], ["release_date", Wed, 25 Nov 1992 00:00:00 UTC +00:00], ["title", "Aladdin"], ["updated_at", Mon, 22 Jul 2013 19:48:40 UTC +00:00]]
  [1m[36mSQL (18.7ms)[0m  [1mINSERT INTO "movies" ("created_at", "description", "rating", "release_date", "title", "updated_at") VALUES (?, ?, ?, ?, ?, ?)[0m  [["created_at", Mon, 22 Jul 2013 19:48:40 UTC +00:00], ["description", nil], ["rating", "R"], ["release_date", Fri, 26 Oct 1984 00:00:00 UTC +00:00], ["title", "The Terminator"], ["updated_at", Mon, 22 Jul 2013 19:48:40 UTC +00:00]]
  [1m[35mSQL (18.3ms)[0m  INSERT INTO "movies" ("created_at", "description", "rating", "release_date", "title", "updated_at") VALUES (?, ?, ?, ?, ?, ?)  [["created_at", Mon, 22 Jul 2013 19:48:40 UTC +00:00], ["description", nil], ["rating", "R"], ["release_date", Fri, 21 Jul 1989 00:00:00 UTC +00:00], ["title", "When Harry Met Sally"], ["updated_at", Mon, 22 Jul 2013 19:48:40 UTC +00:00]]
  [1m[36mSQL (33.7ms)[0m  [1mINSERT INTO "movies" ("created_at", "description", "rating", "release_date", "title", "updated_at") VALUES (?, ?, ?, ?, ?, ?)[0m  [["created_at", Mon, 22 Jul 2013 19:48:41 UTC +00:00], ["description", nil], ["rating", "PG-13"], ["release_date", Wed, 10 Aug 2011 00:00:00 UTC +00:00], ["title", "The Help"], ["updated_at", Mon, 22 Jul 2013 19:48:41 UTC +00:00]]
  [1m[35mSQL (17.4ms)[0m  INSERT INTO "movies" ("created_at", "description", "rating", "release_date", "title", "updated_at") VALUES (?, ?, ?, ?, ?, ?)  [["created_at", Mon, 22 Jul 2013 19:48:41 UTC +00:00], ["description", nil], ["rating", "PG-13"], ["release_date", Fri, 05 Jan 2001 00:00:00 UTC +00:00], ["title", "Chocolat"], ["updated_at", Mon, 22 Jul 2013 19:48:41 UTC +00:00]]
  [1m[36mSQL (19.0ms)[0m  [1mINSERT INTO "movies" ("created_at", "description", "rating", "release_date", "title", "updated_at") VALUES (?, ?, ?, ?, ?, ?)[0m  [["created_at", Mon, 22 Jul 2013 19:48:41 UTC +00:00], ["description", nil], ["rating", "R"], ["release_date", Wed, 25 Apr 2001 00:00:00 UTC +00:00], ["title", "Amelie"], ["updated_at", Mon, 22 Jul 2013 19:48:41 UTC +00:00]]
  [1m[35mSQL (23.3ms)[0m  INSERT INTO "movies" ("created_at", "description", "rating", "release_date", "title", "updated_at") VALUES (?, ?, ?, ?, ?, ?)  [["created_at", Mon, 22 Jul 2013 19:48:41 UTC +00:00], ["description", nil], ["rating", "G"], ["release_date", Sat, 06 Apr 1968 00:00:00 UTC +00:00], ["title", "2001: A Space Odyssey"], ["updated_at", Mon, 22 Jul 2013 19:48:41 UTC +00:00]]
  [1m[36mSQL (20.5ms)[0m  [1mINSERT INTO "movies" ("created_at", "description", "rating", "release_date", "title", "updated_at") VALUES (?, ?, ?, ?, ?, ?)[0m  [["created_at", Mon, 22 Jul 2013 19:48:41 UTC +00:00], ["description", nil], ["rating", "PG"], ["release_date", Fri, 05 Nov 2004 00:00:00 UTC +00:00], ["title", "The Incredibles"], ["updated_at", Mon, 22 Jul 2013 19:48:41 UTC +00:00]]
  [1m[35mSQL (21.9ms)[0m  INSERT INTO "movies" ("created_at", "description", "rating", "release_date", "title", "updated_at") VALUES (?, ?, ?, ?, ?, ?)  [["created_at", Mon, 22 Jul 2013 19:48:41 UTC +00:00], ["description", nil], ["rating", "PG"], ["release_date", Fri, 12 Jun 1981 00:00:00 UTC +00:00], ["title", "Raiders of the Lost Ark"], ["updated_at", Mon, 22 Jul 2013 19:48:41 UTC +00:00]]
  [1m[36mSQL (23.6ms)[0m  [1mINSERT INTO "movies" ("created_at", "description", "rating", "release_date", "title", "updated_at") VALUES (?, ?, ?, ?, ?, ?)[0m  [["created_at", Mon, 22 Jul 2013 19:48:41 UTC +00:00], ["description", nil], ["rating", "G"], ["release_date", Wed, 21 Jun 2000 00:00:00 UTC +00:00], ["title", "Chicken Run"], ["updated_at", Mon, 22 Jul 2013 19:48:41 UTC +00:00]]


Started GET "/movies" for 127.0.0.1 at 2013-07-22 12:49:39 -0700
  Processing by MoviesController#index as HTML
  [1m[36mMovie Load (35.3ms)[0m  [1mSELECT "movies".* FROM "movies" [0m
Rendered movies/index.html.haml within layouts/application (335.1ms)
Compiled application.css  (37ms)  (pid 11570)
Compiled application.js  (180ms)  (pid 11570)
Compiled jquery.js  (31ms)  (pid 11570)
Compiled jquery_ujs.js  (19ms)  (pid 11570)
Completed 200 OK in 4320ms (Views: 4269.0ms | ActiveRecord: 47.7ms)


Started GET "/assets/application.css?body=1" for 127.0.0.1 at 2013-07-22 12:49:52 -0700
Served asset /application.css - 304 Not Modified (326ms)


Started GET "/assets/jquery.js?body=1" for 127.0.0.1 at 2013-07-22 12:49:53 -0700
Served asset /jquery.js - 304 Not Modified (93ms)


Started GET "/assets/application.js?body=1" for 127.0.0.1 at 2013-07-22 12:49:53 -0700
Served asset /application.js - 304 Not Modified (670ms)


Started GET "/assets/jquery_ujs.js?body=1" for 127.0.0.1 at 2013-07-22 12:49:54 -0700
Served asset /jquery_ujs.js - 304 Not Modified (94ms)


Started GET "/movies/1" for 127.0.0.1 at 2013-07-22 12:50:04 -0700
  Processing by MoviesController#show as HTML
  Parameters: {"id"=>"1"}
  [1m[35mMovie Load (12.6ms)[0m  SELECT "movies".* FROM "movies" WHERE "movies"."id" = ? LIMIT 1  [["id", "1"]]
Rendered movies/show.html.haml within layouts/application (12.7ms)
Completed 200 OK in 607ms (Views: 567.4ms | ActiveRecord: 37.2ms)


Started GET "/assets/application.css?body=1" for 127.0.0.1 at 2013-07-22 12:50:05 -0700
Served asset /application.css - 304 Not Modified (16ms)


Started GET "/assets/jquery.js?body=1" for 127.0.0.1 at 2013-07-22 12:50:05 -0700
Served asset /jquery.js - 304 Not Modified (0ms)


Started GET "/assets/jquery_ujs.js?body=1" for 127.0.0.1 at 2013-07-22 12:50:05 -0700
Served asset /jquery_ujs.js - 304 Not Modified (2ms)


Started GET "/assets/application.js?body=1" for 127.0.0.1 at 2013-07-22 12:50:06 -0700
Served asset /application.js - 304 Not Modified (16ms)


Started GET "/movies" for 127.0.0.1 at 2013-07-22 12:50:09 -0700
  Processing by MoviesController#index as HTML
  [1m[36mMovie Load (19.2ms)[0m  [1mSELECT "movies".* FROM "movies" [0m
Rendered movies/index.html.haml within layouts/application (13.3ms)
Completed 200 OK in 543ms (Views: 498.4ms | ActiveRecord: 42.2ms)


Started GET "/assets/application.css?body=1" for 127.0.0.1 at 2013-07-22 12:50:11 -0700
Served asset /application.css - 304 Not Modified (16ms)


Started GET "/assets/jquery.js?body=1" for 127.0.0.1 at 2013-07-22 12:50:11 -0700
Served asset /jquery.js - 304 Not Modified (0ms)


Started GET "/assets/application.js?body=1" for 127.0.0.1 at 2013-07-22 12:50:11 -0700
Served asset /application.js - 304 Not Modified (15ms)


Started GET "/assets/jquery_ujs.js?body=1" for 127.0.0.1 at 2013-07-22 12:50:11 -0700
Served asset /jquery_ujs.js - 304 Not Modified (0ms)
